[0824/231205.603:ERROR:settings.cc(320)] Settings magic is not 1129342067
[0828/125212.078:ERROR:settings.cc(320)] Settings magic is not 1129342067
[0829/144045.613:ERROR:process_memory_win.cc(73)] ReadMemory at 0x256c7cd2720 of 72 bytes failed: Only part of a ReadProcessMemory or WriteProcessMemory request was completed. (0x12B)
[0829/144046.037:WARNING:pe_image_annotations_reader.cc(134)] could not read annotations list object in C:\Program Files (x86)\Google\Chrome\Application\84.0.4147.135\chrome_elf.dll
[0829/144046.037:ERROR:process_memory_win.cc(73)] ReadMemory at 0x7ffa7f970000 of 64 bytes failed: Only part of a ReadProcessMemory or WriteProcessMemory request was completed. (0x12B)
[0829/144046.037:WARNING:pe_image_reader.cc(340)] could not read dos header from C:\WINDOWS\SYSTEM32\VERSION.dll
[0829/144046.153:ERROR:process_memory_win.cc(73)] ReadMemory at 0x7ffa88fb0000 of 64 bytes failed: Only part of a ReadProcessMemory or WriteProcessMemory request was completed. (0x12B)
[0829/144046.153:WARNING:pe_image_reader.cc(340)] could not read dos header from C:\WINDOWS\System32\msvcrt.dll
[0829/144046.153:ERROR:process_memory_win.cc(73)] ReadMemory at 0x7ffa87d10000 of 64 bytes failed: Only part of a ReadProcessMemory or WriteProcessMemory request was completed. (0x12B)
[0829/144046.153:WARNING:pe_image_reader.cc(340)] could not read dos header from C:\WINDOWS\System32\bcryptPrimitives.dll
[0829/144046.153:ERROR:process_memory_win.cc(73)] ReadMemory at 0x7ffa88d30000 of 64 bytes failed: Only part of a ReadProcessMemory or WriteProcessMemory request was completed. (0x12B)
[0829/144046.153:WARNING:pe_image_reader.cc(340)] could not read dos header from C:\WINDOWS\System32\ADVAPI32.dll
[0829/144046.153:ERROR:process_memory_win.cc(73)] ReadMemory at 0x7ffa89ae0000 of 64 bytes failed: Only part of a ReadProcessMemory or WriteProcessMemory request was completed. (0x12B)
[0829/144046.153:WARNING:pe_image_reader.cc(340)] could not read dos header from C:\WINDOWS\System32\sechost.dll
[0829/144046.153:ERROR:process_memory_win.cc(73)] ReadMemory at 0x7ffa89270000 of 64 bytes failed: Only part of a ReadProcessMemory or WriteProcessMemory request was completed. (0x12B)
[0829/144046.153:WARNING:pe_image_reader.cc(340)] could not read dos header from C:\WINDOWS\System32\RPCRT4.dll
[0829/144046.153:ERROR:process_memory_win.cc(73)] ReadMemory at 0x7ffa37f10000 of 64 bytes failed: Only part of a ReadProcessMemory or WriteProcessMemory request was completed. (0x12B)
[0829/144046.153:WARNING:pe_image_reader.cc(340)] could not read dos header from C:\Program Files (x86)\Google\Chrome\Application\84.0.4147.135\chrome.dll
[0829/144046.153:ERROR:process_memory_win.cc(73)] ReadMemory at 0x7ffa89060000 of 64 bytes failed: Only part of a ReadProcessMemory or WriteProcessMemory request was completed. (0x12B)
[0829/144046.153:WARNING:pe_image_reader.cc(340)] could not read dos header from C:\WINDOWS\System32\WS2_32.dll
[0829/144046.153:ERROR:process_memory_win.cc(73)] ReadMemory at 0x7ffa891a0000 of 64 bytes failed: Only part of a ReadProcessMemory or WriteProcessMemory request was completed. (0x12B)
[0829/144046.153:WARNING:pe_image_reader.cc(340)] could not read dos header from C:\WINDOWS\System32\OLEAUT32.dll
[0829/144046.153:ERROR:process_memory_win.cc(73)] ReadMemory at 0x7ffa87c50000 of 64 bytes failed: Only part of a ReadProcessMemory or WriteProcessMemory request was completed. (0x12B)
[0829/144046.153:WARNING:pe_image_reader.cc(340)] could not read dos header from C:\WINDOWS\System32\msvcp_win.dll
[0829/144046.153:ERROR:process_memory_win.cc(73)] ReadMemory at 0x7ffa87aa0000 of 64 bytes failed: Only part of a ReadProcessMemory or WriteProcessMemory request was completed. (0x12B)
[0829/144046.153:WARNING:pe_image_reader.cc(340)] could not read dos header from C:\WINDOWS\System32\ucrtbase.dll
[0829/144046.153:ERROR:process_memory_win.cc(73)] ReadMemory at 0x7ffa888b0000 of 64 bytes failed: Only part of a ReadProcessMemory or WriteProcessMemory request was completed. (0x12B)
[0829/144046.153:WARNING:pe_image_reader.cc(340)] could not read dos header from C:\WINDOWS\System32\combase.dll
[0829/144046.153:ERROR:process_memory_win.cc(73)] ReadMemory at 0x7ffa87ba0000 of 64 bytes failed: Only part of a ReadProcessMemory or WriteProcessMemory request was completed. (0x12B)
[0829/144046.153:WARNING:pe_image_reader.cc(340)] could not read dos header from C:\WINDOWS\System32\WINTRUST.dll
[0829/144046.153:ERROR:process_memory_win.cc(73)] ReadMemory at 0x7ffa876f0000 of 64 bytes failed: Only part of a ReadProcessMemory or WriteProcessMemory request was completed. (0x12B)
[0829/144046.153:WARNING:pe_image_reader.cc(340)] could not read dos header from C:\WINDOWS\System32\MSASN1.dll
[0829/144046.153:ERROR:process_memory_win.cc(73)] ReadMemory at 0x7ffa87780000 of 64 bytes failed: Only part of a ReadProcessMemory or WriteProcessMemory request was completed. (0x12B)
[0829/144046.153:WARNING:pe_image_reader.cc(340)] could not read dos header from C:\WINDOWS\System32\CRYPT32.dll
[0829/144046.153:ERROR:process_memory_win.cc(73)] ReadMemory at 0x7ffa86c30000 of 64 bytes failed: Only part of a ReadProcessMemory or WriteProcessMemory request was completed. (0x12B)
[0829/144046.153:WARNING:pe_image_reader.cc(340)] could not read dos header from C:\WINDOWS\SYSTEM32\IPHLPAPI.DLL
[0829/144046.153:ERROR:process_memory_win.cc(73)] ReadMemory at 0x7ffa85720000 of 64 bytes failed: Only part of a ReadProcessMemory or WriteProcessMemory request was completed. (0x12B)
[0829/144046.153:WARNING:pe_image_reader.cc(340)] could not read dos header from C:\WINDOWS\SYSTEM32\WINMM.dll
[0829/144046.153:ERROR:process_memory_win.cc(73)] ReadMemory at 0x7ffa73b70000 of 64 bytes failed: Only part of a ReadProcessMemory or WriteProcessMemory request was completed. (0x12B)
[0829/144046.153:WARNING:pe_image_reader.cc(340)] could not read dos header from C:\WINDOWS\SYSTEM32\Secur32.dll
[0829/144046.153:ERROR:process_memory_win.cc(73)] ReadMemory at 0x7ffa875a0000 of 64 bytes failed: Only part of a ReadProcessMemory or WriteProcessMemory request was completed. (0x12B)
[0829/144046.153:WARNING:pe_image_reader.cc(340)] could not read dos header from C:\WINDOWS\SYSTEM32\USERENV.dll
[0829/144046.153:ERROR:process_memory_win.cc(73)] ReadMemory at 0x7ffa876c0000 of 64 bytes failed: Only part of a ReadProcessMemory or WriteProcessMemory request was completed. (0x12B)
[0829/144046.153:WARNING:pe_image_reader.cc(340)] could not read dos header from C:\WINDOWS\System32\profapi.dll
[0829/144046.153:ERROR:process_memory_win.cc(73)] ReadMemory at 0x7ffa6efe0000 of 64 bytes failed: Only part of a ReadProcessMemory or WriteProcessMemory request was completed. (0x12B)
[0829/144046.153:WARNING:pe_image_reader.cc(340)] could not read dos header from C:\WINDOWS\SYSTEM32\UIAutomationCore.DLL
[0829/144046.153:ERROR:process_memory_win.cc(73)] ReadMemory at 0x7ffa7d4e0000 of 64 bytes failed: Only part of a ReadProcessMemory or WriteProcessMemory request was completed. (0x12B)
[0829/144046.153:WARNING:pe_image_reader.cc(340)] could not read dos header from C:\WINDOWS\SYSTEM32\DWrite.dll
[0829/144046.153:ERROR:process_memory_win.cc(73)] ReadMemory at 0x7ffa7a850000 of 64 bytes failed: Only part of a ReadProcessMemory or WriteProcessMemory request was completed. (0x12B)
[0829/144046.153:WARNING:pe_image_reader.cc(340)] could not read dos header from C:\WINDOWS\SYSTEM32\WINSPOOL.DRV
[0829/144046.153:ERROR:process_memory_win.cc(73)] ReadMemory at 0x7ffa87710000 of 64 bytes failed: Only part of a ReadProcessMemory or WriteProcessMemory request was completed. (0x12B)
[0829/144046.153:WARNING:pe_image_reader.cc(340)] could not read dos header from C:\WINDOWS\System32\kernel.appcore.dll
[0829/144046.153:ERROR:process_memory_win.cc(73)] ReadMemory at 0x7ffa88880000 of 64 bytes failed: Only part of a ReadProcessMemory or WriteProcessMemory request was completed. (0x12B)
[0829/144046.153:WARNING:pe_image_reader.cc(340)] could not read dos header from C:\WINDOWS\System32\bcrypt.dll
[0829/144046.153:ERROR:process_memory_win.cc(73)] ReadMemory at 0x7ffa730b0000 of 64 bytes failed: Only part of a ReadProcessMemory or WriteProcessMemory request was completed. (0x12B)
[0829/144046.153:WARNING:pe_image_reader.cc(340)] could not read dos header from C:\WINDOWS\SYSTEM32\dbghelp.dll
[0829/144046.153:ERROR:process_memory_win.cc(73)] ReadMemory at 0x7ffa7b1e0000 of 64 bytes failed: Only part of a ReadProcessMemory or WriteProcessMemory request was completed. (0x12B)
[0829/144046.153:WARNING:pe_image_reader.cc(340)] could not read dos header from C:\WINDOWS\SYSTEM32\WINHTTP.dll
[0829/144046.153:ERROR:process_memory_win.cc(73)] ReadMemory at 0x7ffa7ec70000 of 64 bytes failed: Only part of a ReadProcessMemory or WriteProcessMemory request was completed. (0x12B)
[0829/144046.153:WARNING:pe_image_reader.cc(340)] could not read dos header from C:\WINDOWS\SYSTEM32\dhcpcsvc.DLL
[0829/144046.153:ERROR:process_memory_win.cc(73)] ReadMemory at 0x7ffa893f0000 of 64 bytes failed: Only part of a ReadProcessMemory or WriteProcessMemory request was completed. (0x12B)
[0829/144046.153:WARNING:pe_image_reader.cc(340)] could not read dos header from C:\WINDOWS\System32\NSI.dll
[0829/144046.153:ERROR:process_memory_win.cc(73)] ReadMemory at 0x7ffa856f0000 of 64 bytes failed: Only part of a ReadProcessMemory or WriteProcessMemory request was completed. (0x12B)
[0829/144046.153:WARNING:pe_image_reader.cc(340)] could not read dos header from C:\WINDOWS\SYSTEM32\WINMMBASE.dll
[0829/144046.153:ERROR:process_memory_win.cc(73)] ReadMemory at 0x7ffa87c00000 of 64 bytes failed: Only part of a ReadProcessMemory or WriteProcessMemory request was completed. (0x12B)
[0829/144046.153:WARNING:pe_image_reader.cc(340)] could not read dos header from C:\WINDOWS\System32\cfgmgr32.dll
[0829/144046.153:ERROR:process_memory_win.cc(73)] ReadMemory at 0x7ffa846f0000 of 64 bytes failed: Only part of a ReadProcessMemory or WriteProcessMemory request was completed. (0x12B)
[0829/144046.153:WARNING:pe_image_reader.cc(340)] could not read dos header from C:\WINDOWS\SYSTEM32\PROPSYS.dll
[0829/144046.153:ERROR:process_memory_win.cc(73)] ReadMemory at 0x7ffa8a630000 of 64 bytes failed: Only part of a ReadProcessMemory or WriteProcessMemory request was completed. (0x12B)
[0829/144046.153:WARNING:pe_image_reader.cc(340)] could not read dos header from C:\WINDOWS\System32\shcore.dll
[0829/144046.153:ERROR:process_memory_win.cc(73)] ReadMemory at 0x7ffa875d0000 of 64 bytes failed: Only part of a ReadProcessMemory or WriteProcessMemory request was completed. (0x12B)
[0829/144046.153:WARNING:pe_image_reader.cc(340)] could not read dos header from C:\WINDOWS\SYSTEM32\SSPICLI.DLL
[0829/144046.153:ERROR:process_memory_win.cc(73)] ReadMemory at 0x7ffa870f0000 of 64 bytes failed: Only part of a ReadProcessMemory or WriteProcessMemory request was completed. (0x12B)
[0829/144046.153:WARNING:pe_image_reader.cc(340)] could not read dos header from C:\WINDOWS\SYSTEM32\CRYPTBASE.DLL
[0829/144046.570:ERROR:process_memory_win.cc(73)] ReadMemory at 0x7ff61ae90000 of 64 bytes failed: Only part of a ReadProcessMemory or WriteProcessMemory request was completed. (0x12B)
[0829/144046.570:WARNING:pe_image_reader.cc(340)] could not read dos header from C:\Program Files (x86)\Google\Chrome\Application\chrome.exe
[0829/144046.570:ERROR:process_memory_win.cc(73)] ReadMemory at 0x7ffa8a720000 of 64 bytes failed: Only part of a ReadProcessMemory or WriteProcessMemory request was completed. (0x12B)
[0829/144046.570:WARNING:pe_image_reader.cc(340)] could not read dos header from C:\WINDOWS\SYSTEM32\ntdll.dll
[0829/144046.570:ERROR:process_memory_win.cc(73)] ReadMemory at 0x7ffa89c70000 of 64 bytes failed: Only part of a ReadProcessMemory or WriteProcessMemory request was completed. (0x12B)
[0829/144046.570:WARNING:pe_image_reader.cc(340)] could not read dos header from C:\WINDOWS\System32\KERNEL32.DLL
[0829/144046.570:ERROR:process_memory_win.cc(73)] ReadMemory at 0x7ffa87d90000 of 64 bytes failed: Only part of a ReadProcessMemory or WriteProcessMemory request was completed. (0x12B)
[0829/144046.570:WARNING:pe_image_reader.cc(340)] could not read dos header from C:\WINDOWS\System32\KERNELBASE.dll
[0829/144046.570:ERROR:process_memory_win.cc(73)] ReadMemory at 0x7ffa4ba00000 of 64 bytes failed: Only part of a ReadProcessMemory or WriteProcessMemory request was completed. (0x12B)
[0829/144046.617:WARNING:pe_image_reader.cc(340)] could not read dos header from C:\Program Files (x86)\Google\Chrome\Application\84.0.4147.135\chrome_elf.dll
[0829/144046.617:ERROR:process_memory_win.cc(73)] ReadMemory at 0x7ffa7f970000 of 64 bytes failed: Only part of a ReadProcessMemory or WriteProcessMemory request was completed. (0x12B)
[0829/144046.617:WARNING:pe_image_reader.cc(340)] could not read dos header from C:\WINDOWS\SYSTEM32\VERSION.dll
[0829/144046.617:ERROR:process_memory_win.cc(73)] ReadMemory at 0x7ffa88fb0000 of 64 bytes failed: Only part of a ReadProcessMemory or WriteProcessMemory request was completed. (0x12B)
[0829/144046.617:WARNING:pe_image_reader.cc(340)] could not read dos header from C:\WINDOWS\System32\msvcrt.dll
[0829/144046.617:ERROR:process_memory_win.cc(73)] ReadMemory at 0x7ffa87d10000 of 64 bytes failed: Only part of a ReadProcessMemory or WriteProcessMemory request was completed. (0x12B)
[0829/144046.617:WARNING:pe_image_reader.cc(340)] could not read dos header from C:\WINDOWS\System32\bcryptPrimitives.dll
[0829/144046.617:ERROR:process_memory_win.cc(73)] ReadMemory at 0x7ffa88d30000 of 64 bytes failed: Only part of a ReadProcessMemory or WriteProcessMemory request was completed. (0x12B)
[0829/144046.617:WARNING:pe_image_reader.cc(340)] could not read dos header from C:\WINDOWS\System32\ADVAPI32.dll
[0829/144046.617:ERROR:process_memory_win.cc(73)] ReadMemory at 0x7ffa89ae0000 of 64 bytes failed: Only part of a ReadProcessMemory or WriteProcessMemory request was completed. (0x12B)
[0829/144046.617:WARNING:pe_image_reader.cc(340)] could not read dos header from C:\WINDOWS\System32\sechost.dll
[0829/144046.617:ERROR:process_memory_win.cc(73)] ReadMemory at 0x7ffa89270000 of 64 bytes failed: Only part of a ReadProcessMemory or WriteProcessMemory request was completed. (0x12B)
[0829/144046.617:WARNING:pe_image_reader.cc(340)] could not read dos header from C:\WINDOWS\System32\RPCRT4.dll
[0829/144046.617:ERROR:process_memory_win.cc(73)] ReadMemory at 0x7ffa37f10000 of 64 bytes failed: Only part of a ReadProcessMemory or WriteProcessMemory request was completed. (0x12B)
[0829/144046.617:WARNING:pe_image_reader.cc(340)] could not read dos header from C:\Program Files (x86)\Google\Chrome\Application\84.0.4147.135\chrome.dll
[0829/144046.617:ERROR:process_memory_win.cc(73)] ReadMemory at 0x7ffa89060000 of 64 bytes failed: Only part of a ReadProcessMemory or WriteProcessMemory request was completed. (0x12B)
[0829/144046.617:WARNING:pe_image_reader.cc(340)] could not read dos header from C:\WINDOWS\System32\WS2_32.dll
[0829/144046.617:ERROR:process_memory_win.cc(73)] ReadMemory at 0x7ffa891a0000 of 64 bytes failed: Only part of a ReadProcessMemory or WriteProcessMemory request was completed. (0x12B)
[0829/144046.617:WARNING:pe_image_reader.cc(340)] could not read dos header from C:\WINDOWS\System32\OLEAUT32.dll
[0829/144046.633:ERROR:process_memory_win.cc(73)] ReadMemory at 0x7ffa87c50000 of 64 bytes failed: Only part of a ReadProcessMemory or WriteProcessMemory request was completed. (0x12B)
[0829/144046.633:WARNING:pe_image_reader.cc(340)] could not read dos header from C:\WINDOWS\System32\msvcp_win.dll
[0829/144046.633:ERROR:process_memory_win.cc(73)] ReadMemory at 0x7ffa87aa0000 of 64 bytes failed: Only part of a ReadProcessMemory or WriteProcessMemory request was completed. (0x12B)
[0829/144046.633:WARNING:pe_image_reader.cc(340)] could not read dos header from C:\WINDOWS\System32\ucrtbase.dll
[0829/144046.633:ERROR:process_memory_win.cc(73)] ReadMemory at 0x7ffa888b0000 of 64 bytes failed: Only part of a ReadProcessMemory or WriteProcessMemory request was completed. (0x12B)
[0829/144046.633:WARNING:pe_image_reader.cc(340)] could not read dos header from C:\WINDOWS\System32\combase.dll
[0829/144046.633:ERROR:process_memory_win.cc(73)] ReadMemory at 0x7ffa87ba0000 of 64 bytes failed: Only part of a ReadProcessMemory or WriteProcessMemory request was completed. (0x12B)
[0829/144046.633:WARNING:pe_image_reader.cc(340)] could not read dos header from C:\WINDOWS\System32\WINTRUST.dll
[0829/144046.633:ERROR:process_memory_win.cc(73)] ReadMemory at 0x7ffa876f0000 of 64 bytes failed: Only part of a ReadProcessMemory or WriteProcessMemory request was completed. (0x12B)
[0829/144046.633:WARNING:pe_image_reader.cc(340)] could not read dos header from C:\WINDOWS\System32\MSASN1.dll
[0829/144046.633:ERROR:process_memory_win.cc(73)] ReadMemory at 0x7ffa87780000 of 64 bytes failed: Only part of a ReadProcessMemory or WriteProcessMemory request was completed. (0x12B)
[0829/144046.633:WARNING:pe_image_reader.cc(340)] could not read dos header from C:\WINDOWS\System32\CRYPT32.dll
[0829/144046.633:ERROR:process_memory_win.cc(73)] ReadMemory at 0x7ffa86c30000 of 64 bytes failed: Only part of a ReadProcessMemory or WriteProcessMemory request was completed. (0x12B)
[0829/144046.633:WARNING:pe_image_reader.cc(340)] could not read dos header from C:\WINDOWS\SYSTEM32\IPHLPAPI.DLL
[0829/144046.633:ERROR:process_memory_win.cc(73)] ReadMemory at 0x7ffa85720000 of 64 bytes failed: Only part of a ReadProcessMemory or WriteProcessMemory request was completed. (0x12B)
[0829/144046.633:WARNING:pe_image_reader.cc(340)] could not read dos header from C:\WINDOWS\SYSTEM32\WINMM.dll
[0829/144046.633:ERROR:process_memory_win.cc(73)] ReadMemory at 0x7ffa73b70000 of 64 bytes failed: Only part of a ReadProcessMemory or WriteProcessMemory request was completed. (0x12B)
[0829/144046.633:WARNING:pe_image_reader.cc(340)] could not read dos header from C:\WINDOWS\SYSTEM32\Secur32.dll
[0829/144046.633:ERROR:process_memory_win.cc(73)] ReadMemory at 0x7ffa875a0000 of 64 bytes failed: Only part of a ReadProcessMemory or WriteProcessMemory request was completed. (0x12B)
[0829/144046.633:WARNING:pe_image_reader.cc(340)] could not read dos header from C:\WINDOWS\SYSTEM32\USERENV.dll
[0829/144046.633:ERROR:process_memory_win.cc(73)] ReadMemory at 0x7ffa876c0000 of 64 bytes failed: Only part of a ReadProcessMemory or WriteProcessMemory request was completed. (0x12B)
[0829/144046.633:WARNING:pe_image_reader.cc(340)] could not read dos header from C:\WINDOWS\System32\profapi.dll
[0829/144046.633:ERROR:process_memory_win.cc(73)] ReadMemory at 0x7ffa6efe0000 of 64 bytes failed: Only part of a ReadProcessMemory or WriteProcessMemory request was completed. (0x12B)
[0829/144046.633:WARNING:pe_image_reader.cc(340)] could not read dos header from C:\WINDOWS\SYSTEM32\UIAutomationCore.DLL
[0829/144046.633:ERROR:process_memory_win.cc(73)] ReadMemory at 0x7ffa7d4e0000 of 64 bytes failed: Only part of a ReadProcessMemory or WriteProcessMemory request was completed. (0x12B)
[0829/144046.633:WARNING:pe_image_reader.cc(340)] could not read dos header from C:\WINDOWS\SYSTEM32\DWrite.dll
[0829/144046.633:ERROR:process_memory_win.cc(73)] ReadMemory at 0x7ffa7a850000 of 64 bytes failed: Only part of a ReadProcessMemory or WriteProcessMemory request was completed. (0x12B)
[0829/144046.633:WARNING:pe_image_reader.cc(340)] could not read dos header from C:\WINDOWS\SYSTEM32\WINSPOOL.DRV
[0829/144046.633:ERROR:process_memory_win.cc(73)] ReadMemory at 0x7ffa87710000 of 64 bytes failed: Only part of a ReadProcessMemory or WriteProcessMemory request was completed. (0x12B)
[0829/144046.633:WARNING:pe_image_reader.cc(340)] could not read dos header from C:\WINDOWS\System32\kernel.appcore.dll
[0829/144046.633:ERROR:process_memory_win.cc(73)] ReadMemory at 0x7ffa88880000 of 64 bytes failed: Only part of a ReadProcessMemory or WriteProcessMemory request was completed. (0x12B)
[0829/144046.633:WARNING:pe_image_reader.cc(340)] could not read dos header from C:\WINDOWS\System32\bcrypt.dll
[0829/144046.633:ERROR:process_memory_win.cc(73)] ReadMemory at 0x7ffa730b0000 of 64 bytes failed: Only part of a ReadProcessMemory or WriteProcessMemory request was completed. (0x12B)
[0829/144046.633:WARNING:pe_image_reader.cc(340)] could not read dos header from C:\WINDOWS\SYSTEM32\dbghelp.dll
[0829/144046.633:ERROR:process_memory_win.cc(73)] ReadMemory at 0x7ffa7b1e0000 of 64 bytes failed: Only part of a ReadProcessMemory or WriteProcessMemory request was completed. (0x12B)
[0829/144046.633:WARNING:pe_image_reader.cc(340)] could not read dos header from C:\WINDOWS\SYSTEM32\WINHTTP.dll
[0829/144046.633:ERROR:process_memory_win.cc(73)] ReadMemory at 0x7ffa7ec70000 of 64 bytes failed: Only part of a ReadProcessMemory or WriteProcessMemory request was completed. (0x12B)
[0829/144046.633:WARNING:pe_image_reader.cc(340)] could not read dos header from C:\WINDOWS\SYSTEM32\dhcpcsvc.DLL
[0829/144046.633:ERROR:process_memory_win.cc(73)] ReadMemory at 0x7ffa893f0000 of 64 bytes failed: Only part of a ReadProcessMemory or WriteProcessMemory request was completed. (0x12B)
[0829/144046.633:WARNING:pe_image_reader.cc(340)] could not read dos header from C:\WINDOWS\System32\NSI.dll
[0829/144046.633:ERROR:process_memory_win.cc(73)] ReadMemory at 0x7ffa856f0000 of 64 bytes failed: Only part of a ReadProcessMemory or WriteProcessMemory request was completed. (0x12B)
[0829/144046.633:WARNING:pe_image_reader.cc(340)] could not read dos header from C:\WINDOWS\SYSTEM32\WINMMBASE.dll
[0829/144046.633:ERROR:process_memory_win.cc(73)] ReadMemory at 0x7ffa87c00000 of 64 bytes failed: Only part of a ReadProcessMemory or WriteProcessMemory request was completed. (0x12B)
[0829/144046.633:WARNING:pe_image_reader.cc(340)] could not read dos header from C:\WINDOWS\System32\cfgmgr32.dll
[0829/144046.633:ERROR:process_memory_win.cc(73)] ReadMemory at 0x7ffa846f0000 of 64 bytes failed: Only part of a ReadProcessMemory or WriteProcessMemory request was completed. (0x12B)
[0829/144046.633:WARNING:pe_image_reader.cc(340)] could not read dos header from C:\WINDOWS\SYSTEM32\PROPSYS.dll
[0829/144046.633:ERROR:process_memory_win.cc(73)] ReadMemory at 0x7ffa8a630000 of 64 bytes failed: Only part of a ReadProcessMemory or WriteProcessMemory request was completed. (0x12B)
[0829/144046.633:WARNING:pe_image_reader.cc(340)] could not read dos header from C:\WINDOWS\System32\shcore.dll
[0829/144046.633:ERROR:process_memory_win.cc(73)] ReadMemory at 0x7ffa875d0000 of 64 bytes failed: Only part of a ReadProcessMemory or WriteProcessMemory request was completed. (0x12B)
[0829/144046.633:WARNING:pe_image_reader.cc(340)] could not read dos header from C:\WINDOWS\SYSTEM32\SSPICLI.DLL
[0829/144046.633:ERROR:process_memory_win.cc(73)] ReadMemory at 0x7ffa870f0000 of 64 bytes failed: Only part of a ReadProcessMemory or WriteProcessMemory request was completed. (0x12B)
[0829/144046.633:WARNING:pe_image_reader.cc(340)] could not read dos header from C:\WINDOWS\SYSTEM32\CRYPTBASE.DLL
[0829/144046.633:ERROR:process_memory_win.cc(73)] ReadMemory at 0x7ff61ae90000 of 64 bytes failed: Only part of a ReadProcessMemory or WriteProcessMemory request was completed. (0x12B)
[0829/144046.633:WARNING:pe_image_reader.cc(340)] could not read dos header from C:\Program Files (x86)\Google\Chrome\Application\chrome.exe
[0829/144046.633:ERROR:process_memory_win.cc(73)] ReadMemory at 0x7ffa8a720000 of 64 bytes failed: Only part of a ReadProcessMemory or WriteProcessMemory request was completed. (0x12B)
[0829/144046.633:WARNING:pe_image_reader.cc(340)] could not read dos header from C:\WINDOWS\SYSTEM32\ntdll.dll
[0829/144046.633:ERROR:process_memory_win.cc(73)] ReadMemory at 0x7ffa89c70000 of 64 bytes failed: Only part of a ReadProcessMemory or WriteProcessMemory request was completed. (0x12B)
[0829/144046.639:WARNING:pe_image_reader.cc(340)] could not read dos header from C:\WINDOWS\System32\KERNEL32.DLL
[0829/144046.639:ERROR:process_memory_win.cc(73)] ReadMemory at 0x7ffa87d90000 of 64 bytes failed: Only part of a ReadProcessMemory or WriteProcessMemory request was completed. (0x12B)
[0829/144046.639:WARNING:pe_image_reader.cc(340)] could not read dos header from C:\WINDOWS\System32\KERNELBASE.dll
[0829/144046.639:ERROR:process_memory_win.cc(73)] ReadMemory at 0x7ffa4ba00000 of 64 bytes failed: Only part of a ReadProcessMemory or WriteProcessMemory request was completed. (0x12B)
[0829/144046.639:WARNING:pe_image_reader.cc(340)] could not read dos header from C:\Program Files (x86)\Google\Chrome\Application\84.0.4147.135\chrome_elf.dll
[0829/144046.639:ERROR:process_memory_win.cc(73)] ReadMemory at 0x7ffa7f970000 of 64 bytes failed: Only part of a ReadProcessMemory or WriteProcessMemory request was completed. (0x12B)
[0829/144046.639:WARNING:pe_image_reader.cc(340)] could not read dos header from C:\WINDOWS\SYSTEM32\VERSION.dll
[0829/144046.639:ERROR:process_memory_win.cc(73)] ReadMemory at 0x7ffa88fb0000 of 64 bytes failed: Only part of a ReadProcessMemory or WriteProcessMemory request was completed. (0x12B)
[0829/144046.639:WARNING:pe_image_reader.cc(340)] could not read dos header from C:\WINDOWS\System32\msvcrt.dll
[0829/144046.639:ERROR:process_memory_win.cc(73)] ReadMemory at 0x7ffa87d10000 of 64 bytes failed: Only part of a ReadProcessMemory or WriteProcessMemory request was completed. (0x12B)
[0829/144046.639:WARNING:pe_image_reader.cc(340)] could not read dos header from C:\WINDOWS\System32\bcryptPrimitives.dll
[0829/144046.639:ERROR:process_memory_win.cc(73)] ReadMemory at 0x7ffa88d30000 of 64 bytes failed: Only part of a ReadProcessMemory or WriteProcessMemory request was completed. (0x12B)
[0829/144046.639:WARNING:pe_image_reader.cc(340)] could not read dos header from C:\WINDOWS\System32\ADVAPI32.dll
[0829/144046.639:ERROR:process_memory_win.cc(73)] ReadMemory at 0x7ffa89ae0000 of 64 bytes failed: Only part of a ReadProcessMemory or WriteProcessMemory request was completed. (0x12B)
[0829/144046.639:WARNING:pe_image_reader.cc(340)] could not read dos header from C:\WINDOWS\System32\sechost.dll
[0829/144046.639:ERROR:process_memory_win.cc(73)] ReadMemory at 0x7ffa89270000 of 64 bytes failed: Only part of a ReadProcessMemory or WriteProcessMemory request was completed. (0x12B)
[0829/144046.639:WARNING:pe_image_reader.cc(340)] could not read dos header from C:\WINDOWS\System32\RPCRT4.dll
[0829/144046.639:ERROR:process_memory_win.cc(73)] ReadMemory at 0x7ffa37f10000 of 64 bytes failed: Only part of a ReadProcessMemory or WriteProcessMemory request was completed. (0x12B)
[0829/144046.639:WARNING:pe_image_reader.cc(340)] could not read dos header from C:\Program Files (x86)\Google\Chrome\Application\84.0.4147.135\chrome.dll
[0829/144046.639:ERROR:process_memory_win.cc(73)] ReadMemory at 0x7ffa89060000 of 64 bytes failed: Only part of a ReadProcessMemory or WriteProcessMemory request was completed. (0x12B)
[0829/144046.639:WARNING:pe_image_reader.cc(340)] could not read dos header from C:\WINDOWS\System32\WS2_32.dll
[0829/144046.639:ERROR:process_memory_win.cc(73)] ReadMemory at 0x7ffa891a0000 of 64 bytes failed: Only part of a ReadProcessMemory or WriteProcessMemory request was completed. (0x12B)
[0829/144046.639:WARNING:pe_image_reader.cc(340)] could not read dos header from C:\WINDOWS\System32\OLEAUT32.dll
[0829/144046.639:ERROR:process_memory_win.cc(73)] ReadMemory at 0x7ffa87c50000 of 64 bytes failed: Only part of a ReadProcessMemory or WriteProcessMemory request was completed. (0x12B)
[0829/144046.639:WARNING:pe_image_reader.cc(340)] could not read dos header from C:\WINDOWS\System32\msvcp_win.dll
[0829/144046.639:ERROR:process_memory_win.cc(73)] ReadMemory at 0x7ffa87aa0000 of 64 bytes failed: Only part of a ReadProcessMemory or WriteProcessMemory request was completed. (0x12B)
[0829/144046.639:WARNING:pe_image_reader.cc(340)] could not read dos header from C:\WINDOWS\System32\ucrtbase.dll
[0829/144046.639:ERROR:process_memory_win.cc(73)] ReadMemory at 0x7ffa888b0000 of 64 bytes failed: Only part of a ReadProcessMemory or WriteProcessMemory request was completed. (0x12B)
[0829/144046.639:WARNING:pe_image_reader.cc(340)] could not read dos header from C:\WINDOWS\System32\combase.dll
[0829/144046.639:ERROR:process_memory_win.cc(73)] ReadMemory at 0x7ffa87ba0000 of 64 bytes failed: Only part of a ReadProcessMemory or WriteProcessMemory request was completed. (0x12B)
[0829/144046.639:WARNING:pe_image_reader.cc(340)] could not read dos header from C:\WINDOWS\System32\WINTRUST.dll
[0829/144046.639:ERROR:process_memory_win.cc(73)] ReadMemory at 0x7ffa876f0000 of 64 bytes failed: Only part of a ReadProcessMemory or WriteProcessMemory request was completed. (0x12B)
[0829/144046.639:WARNING:pe_image_reader.cc(340)] could not read dos header from C:\WINDOWS\System32\MSASN1.dll
[0829/144046.639:ERROR:process_memory_win.cc(73)] ReadMemory at 0x7ffa87780000 of 64 bytes failed: Only part of a ReadProcessMemory or WriteProcessMemory request was completed. (0x12B)
[0829/144046.639:WARNING:pe_image_reader.cc(340)] could not read dos header from C:\WINDOWS\System32\CRYPT32.dll
[0829/144046.639:ERROR:process_memory_win.cc(73)] ReadMemory at 0x7ffa86c30000 of 64 bytes failed: Only part of a ReadProcessMemory or WriteProcessMemory request was completed. (0x12B)
[0829/144046.639:WARNING:pe_image_reader.cc(340)] could not read dos header from C:\WINDOWS\SYSTEM32\IPHLPAPI.DLL
[0829/144046.639:ERROR:process_memory_win.cc(73)] ReadMemory at 0x7ffa85720000 of 64 bytes failed: Only part of a ReadProcessMemory or WriteProcessMemory request was completed. (0x12B)
[0829/144046.639:WARNING:pe_image_reader.cc(340)] could not read dos header from C:\WINDOWS\SYSTEM32\WINMM.dll
[0829/144046.639:ERROR:process_memory_win.cc(73)] ReadMemory at 0x7ffa73b70000 of 64 bytes failed: Only part of a ReadProcessMemory or WriteProcessMemory request was completed. (0x12B)
[0829/144046.639:WARNING:pe_image_reader.cc(340)] could not read dos header from C:\WINDOWS\SYSTEM32\Secur32.dll
[0829/144046.639:ERROR:process_memory_win.cc(73)] ReadMemory at 0x7ffa875a0000 of 64 bytes failed: Only part of a ReadProcessMemory or WriteProcessMemory request was completed. (0x12B)
[0829/144046.639:WARNING:pe_image_reader.cc(340)] could not read dos header from C:\WINDOWS\SYSTEM32\USERENV.dll
[0829/144046.639:ERROR:process_memory_win.cc(73)] ReadMemory at 0x7ffa876c0000 of 64 bytes failed: Only part of a ReadProcessMemory or WriteProcessMemory request was completed. (0x12B)
[0829/144046.639:WARNING:pe_image_reader.cc(340)] could not read dos header from C:\WINDOWS\System32\profapi.dll
[0829/144046.639:ERROR:process_memory_win.cc(73)] ReadMemory at 0x7ffa6efe0000 of 64 bytes failed: Only part of a ReadProcessMemory or WriteProcessMemory request was completed. (0x12B)
[0829/144046.639:WARNING:pe_image_reader.cc(340)] could not read dos header from C:\WINDOWS\SYSTEM32\UIAutomationCore.DLL
[0829/144046.639:ERROR:process_memory_win.cc(73)] ReadMemory at 0x7ffa7d4e0000 of 64 bytes failed: Only part of a ReadProcessMemory or WriteProcessMemory request was completed. (0x12B)
[0829/144046.639:WARNING:pe_image_reader.cc(340)] could not read dos header from C:\WINDOWS\SYSTEM32\DWrite.dll
[0829/144046.639:ERROR:process_memory_win.cc(73)] ReadMemory at 0x7ffa7a850000 of 64 bytes failed: Only part of a ReadProcessMemory or WriteProcessMemory request was completed. (0x12B)
[0829/144046.639:WARNING:pe_image_reader.cc(340)] could not read dos header from C:\WINDOWS\SYSTEM32\WINSPOOL.DRV
[0829/144046.639:ERROR:process_memory_win.cc(73)] ReadMemory at 0x7ffa87710000 of 64 bytes failed: Only part of a ReadProcessMemory or WriteProcessMemory request was completed. (0x12B)
[0829/144046.639:WARNING:pe_image_reader.cc(340)] could not read dos header from C:\WINDOWS\System32\kernel.appcore.dll
[0829/144046.639:ERROR:process_memory_win.cc(73)] ReadMemory at 0x7ffa88880000 of 64 bytes failed: Only part of a ReadProcessMemory or WriteProcessMemory request was completed. (0x12B)
[0829/144046.639:WARNING:pe_image_reader.cc(340)] could not read dos header from C:\WINDOWS\System32\bcrypt.dll
[0829/144046.639:ERROR:process_memory_win.cc(73)] ReadMemory at 0x7ffa730b0000 of 64 bytes failed: Only part of a ReadProcessMemory or WriteProcessMemory request was completed. (0x12B)
[0829/144046.639:WARNING:pe_image_reader.cc(340)] could not read dos header from C:\WINDOWS\SYSTEM32\dbghelp.dll
[0829/144046.639:ERROR:process_memory_win.cc(73)] ReadMemory at 0x7ffa7b1e0000 of 64 bytes failed: Only part of a ReadProcessMemory or WriteProcessMemory request was completed. (0x12B)
[0829/144046.639:WARNING:pe_image_reader.cc(340)] could not read dos header from C:\WINDOWS\SYSTEM32\WINHTTP.dll
[0829/144046.639:ERROR:process_memory_win.cc(73)] ReadMemory at 0x7ffa7ec70000 of 64 bytes failed: Only part of a ReadProcessMemory or WriteProcessMemory request was completed. (0x12B)
[0829/144046.639:WARNING:pe_image_reader.cc(340)] could not read dos header from C:\WINDOWS\SYSTEM32\dhcpcsvc.DLL
[0829/144046.639:ERROR:process_memory_win.cc(73)] ReadMemory at 0x7ffa893f0000 of 64 bytes failed: Only part of a ReadProcessMemory or WriteProcessMemory request was completed. (0x12B)
[0829/144046.639:WARNING:pe_image_reader.cc(340)] could not read dos header from C:\WINDOWS\System32\NSI.dll
[0829/144046.639:ERROR:process_memory_win.cc(73)] ReadMemory at 0x7ffa856f0000 of 64 bytes failed: Only part of a ReadProcessMemory or WriteProcessMemory request was completed. (0x12B)
[0829/144046.639:WARNING:pe_image_reader.cc(340)] could not read dos header from C:\WINDOWS\SYSTEM32\WINMMBASE.dll
[0829/144046.639:ERROR:process_memory_win.cc(73)] ReadMemory at 0x7ffa87c00000 of 64 bytes failed: Only part of a ReadProcessMemory or WriteProcessMemory request was completed. (0x12B)
[0829/144046.639:WARNING:pe_image_reader.cc(340)] could not read dos header from C:\WINDOWS\System32\cfgmgr32.dll
[0829/144046.639:ERROR:process_memory_win.cc(73)] ReadMemory at 0x7ffa846f0000 of 64 bytes failed: Only part of a ReadProcessMemory or WriteProcessMemory request was completed. (0x12B)
[0829/144046.639:WARNING:pe_image_reader.cc(340)] could not read dos header from C:\WINDOWS\SYSTEM32\PROPSYS.dll
[0829/144046.639:ERROR:process_memory_win.cc(73)] ReadMemory at 0x7ffa8a630000 of 64 bytes failed: Only part of a ReadProcessMemory or WriteProcessMemory request was completed. (0x12B)
[0829/144046.639:WARNING:pe_image_reader.cc(340)] could not read dos header from C:\WINDOWS\System32\shcore.dll
[0829/144046.639:ERROR:process_memory_win.cc(73)] ReadMemory at 0x7ffa875d0000 of 64 bytes failed: Only part of a ReadProcessMemory or WriteProcessMemory request was completed. (0x12B)
[0829/144046.639:WARNING:pe_image_reader.cc(340)] could not read dos header from C:\WINDOWS\SYSTEM32\SSPICLI.DLL
[0829/144046.639:ERROR:process_memory_win.cc(73)] ReadMemory at 0x7ffa870f0000 of 64 bytes failed: Only part of a ReadProcessMemory or WriteProcessMemory request was completed. (0x12B)
[0829/144046.639:WARNING:pe_image_reader.cc(340)] could not read dos header from C:\WINDOWS\SYSTEM32\CRYPTBASE.DLL
[0829/144046.717:ERROR:process_memory_win.cc(73)] ReadMemory at 0xa1603e9000 of 94208 bytes failed: Only part of a ReadProcessMemory or WriteProcessMemory request was completed. (0x12B)
[0829/144046.733:ERROR:process_memory_win.cc(73)] ReadMemory at 0xa160bfd000 of 12288 bytes failed: Only part of a ReadProcessMemory or WriteProcessMemory request was completed. (0x12B)
[0829/144046.733:ERROR:process_memory_win.cc(73)] ReadMemory at 0xa161bfc000 of 16384 bytes failed: Only part of a ReadProcessMemory or WriteProcessMemory request was completed. (0x12B)
[0829/144046.733:ERROR:process_memory_win.cc(73)] ReadMemory at 0xa1623fc000 of 16384 bytes failed: Only part of a ReadProcessMemory or WriteProcessMemory request was completed. (0x12B)
[0829/144046.733:ERROR:process_memory_win.cc(73)] ReadMemory at 0xa162bfe000 of 8192 bytes failed: Only part of a ReadProcessMemory or WriteProcessMemory request was completed. (0x12B)
[0829/144046.733:ERROR:process_memory_win.cc(73)] ReadMemory at 0xa1633fd000 of 12288 bytes failed: Only part of a ReadProcessMemory or WriteProcessMemory request was completed. (0x12B)
[0829/144046.733:ERROR:process_memory_win.cc(73)] ReadMemory at 0xa163bfb000 of 20480 bytes failed: Only part of a ReadProcessMemory or WriteProcessMemory request was completed. (0x12B)
[0829/144046.733:ERROR:process_memory_win.cc(73)] ReadMemory at 0xa1643fd000 of 12288 bytes failed: Only part of a ReadProcessMemory or WriteProcessMemory request was completed. (0x12B)
[0829/144046.733:ERROR:process_memory_win.cc(73)] ReadMemory at 0xa164bf9000 of 28672 bytes failed: Only part of a ReadProcessMemory or WriteProcessMemory request was completed. (0x12B)
[0829/144046.733:ERROR:process_memory_win.cc(73)] ReadMemory at 0xa1653fd000 of 12288 bytes failed: Only part of a ReadProcessMemory or WriteProcessMemory request was completed. (0x12B)
[0829/144046.733:ERROR:process_memory_win.cc(73)] ReadMemory at 0xa165bfd000 of 12288 bytes failed: Only part of a ReadProcessMemory or WriteProcessMemory request was completed. (0x12B)
[0829/144046.733:ERROR:process_memory_win.cc(73)] ReadMemory at 0xa166bfd000 of 12288 bytes failed: Only part of a ReadProcessMemory or WriteProcessMemory request was completed. (0x12B)
[0829/144046.733:ERROR:process_memory_win.cc(73)] ReadMemory at 0xa1613fe000 of 8192 bytes failed: Only part of a ReadProcessMemory or WriteProcessMemory request was completed. (0x12B)
[0829/144046.833:ERROR:process_memory_win.cc(73)] ReadMemory at 0xa15fa83000 of 852 bytes failed: Only part of a ReadProcessMemory or WriteProcessMemory request was completed. (0x12B)
[0829/144046.833:ERROR:process_memory_win.cc(73)] ReadMemory at 0xa15fa84000 of 6024 bytes failed: Only part of a ReadProcessMemory or WriteProcessMemory request was completed. (0x12B)
[0829/144046.840:ERROR:process_memory_win.cc(73)] ReadMemory at 0xa15fa86000 of 6024 bytes failed: Only part of a ReadProcessMemory or WriteProcessMemory request was completed. (0x12B)
[0829/144046.840:ERROR:process_memory_win.cc(73)] ReadMemory at 0xa15fa8a000 of 6024 bytes failed: Only part of a ReadProcessMemory or WriteProcessMemory request was completed. (0x12B)
[0829/144046.840:ERROR:process_memory_win.cc(73)] ReadMemory at 0xa15fa8c000 of 6024 bytes failed: Only part of a ReadProcessMemory or WriteProcessMemory request was completed. (0x12B)
[0829/144046.840:ERROR:process_memory_win.cc(73)] ReadMemory at 0xa15fa8e000 of 6024 bytes failed: Only part of a ReadProcessMemory or WriteProcessMemory request was completed. (0x12B)
[0829/144046.840:ERROR:process_memory_win.cc(73)] ReadMemory at 0xa15fa90000 of 6024 bytes failed: Only part of a ReadProcessMemory or WriteProcessMemory request was completed. (0x12B)
[0829/144046.840:ERROR:process_memory_win.cc(73)] ReadMemory at 0xa15fa92000 of 6024 bytes failed: Only part of a ReadProcessMemory or WriteProcessMemory request was completed. (0x12B)
[0829/144046.840:ERROR:process_memory_win.cc(73)] ReadMemory at 0xa15fa94000 of 6024 bytes failed: Only part of a ReadProcessMemory or WriteProcessMemory request was completed. (0x12B)
[0829/144046.840:ERROR:process_memory_win.cc(73)] ReadMemory at 0xa15fa96000 of 6024 bytes failed: Only part of a ReadProcessMemory or WriteProcessMemory request was completed. (0x12B)
[0829/144046.840:ERROR:process_memory_win.cc(73)] ReadMemory at 0xa15fa98000 of 6024 bytes failed: Only part of a ReadProcessMemory or WriteProcessMemory request was completed. (0x12B)
[0829/144046.840:ERROR:process_memory_win.cc(73)] ReadMemory at 0xa15faa0000 of 6024 bytes failed: Only part of a ReadProcessMemory or WriteProcessMemory request was completed. (0x12B)
[0829/144046.840:ERROR:process_memory_win.cc(73)] ReadMemory at 0xa15fae0000 of 6024 bytes failed: Only part of a ReadProcessMemory or WriteProcessMemory request was completed. (0x12B)
[0829/144046.840:ERROR:process_memory_win.cc(73)] ReadMemory at 0xa15fae4000 of 6024 bytes failed: Only part of a ReadProcessMemory or WriteProcessMemory request was completed. (0x12B)
[0829/144046.840:ERROR:process_memory_win.cc(73)] ReadMemory at 0x256c7cc0fe0 of 15188 bytes failed: Only part of a ReadProcessMemory or WriteProcessMemory request was completed. (0x12B)
[0829/144046.840:ERROR:process_memory_win.cc(73)] ReadMemory at 0x256c7cc4b40 of 1012 bytes failed: Only part of a ReadProcessMemory or WriteProcessMemory request was completed. (0x12B)
[0829/144046.840:ERROR:process_memory_win.cc(73)] ReadMemory at 0x256c7cc5188 of 118 bytes failed: Only part of a ReadProcessMemory or WriteProcessMemory request was completed. (0x12B)
[0829/144046.840:ERROR:process_memory_win.cc(73)] ReadMemory at 0x256c7cc5200 of 774 bytes failed: Only part of a ReadProcessMemory or WriteProcessMemory request was completed. (0x12B)
[0829/144046.840:ERROR:process_memory_win.cc(73)] ReadMemory at 0x256c7cc5508 of 118 bytes failed: Only part of a ReadProcessMemory or WriteProcessMemory request was completed. (0x12B)
[0829/144046.840:ERROR:process_memory_win.cc(73)] ReadMemory at 0x256c7cc5580 of 100 bytes failed: Only part of a ReadProcessMemory or WriteProcessMemory request was completed. (0x12B)
[0829/144046.840:ERROR:process_memory_win.cc(73)] ReadMemory at 0x256c7cc55f0 of 58 bytes failed: Only part of a ReadProcessMemory or WriteProcessMemory request was completed. (0x12B)
[0829/144046.840:ERROR:process_memory_win.cc(73)] ReadMemory at 0x256c7cc56f0 of 132 bytes failed: Only part of a ReadProcessMemory or WriteProcessMemory request was completed. (0x12B)
[0829/144046.840:ERROR:process_memory_win.cc(73)] ReadMemory at 0x256c7cc5880 of 132 bytes failed: Only part of a ReadProcessMemory or WriteProcessMemory request was completed. (0x12B)
[0829/144046.840:ERROR:process_memory_win.cc(73)] ReadMemory at 0x256c7cc5a40 of 126 bytes failed: Only part of a ReadProcessMemory or WriteProcessMemory request was completed. (0x12B)
[0829/144046.840:ERROR:process_memory_win.cc(73)] ReadMemory at 0x256c7cc5e20 of 132 bytes failed: Only part of a ReadProcessMemory or WriteProcessMemory request was completed. (0x12B)
[0829/144046.840:ERROR:process_memory_win.cc(73)] ReadMemory at 0x256c7cc5fb0 of 64 bytes failed: Only part of a ReadProcessMemory or WriteProcessMemory request was completed. (0x12B)
[0829/144046.840:ERROR:process_memory_win.cc(73)] ReadMemory at 0x256c7cc6170 of 132 bytes failed: Only part of a ReadProcessMemory or WriteProcessMemory request was completed. (0x12B)
[0829/144046.840:ERROR:process_memory_win.cc(73)] ReadMemory at 0x256c7cc6410 of 132 bytes failed: Only part of a ReadProcessMemory or WriteProcessMemory request was completed. (0x12B)
[0829/144046.840:ERROR:process_memory_win.cc(73)] ReadMemory at 0x256c7cc65a0 of 68 bytes failed: Only part of a ReadProcessMemory or WriteProcessMemory request was completed. (0x12B)
[0829/144046.840:ERROR:process_memory_win.cc(73)] ReadMemory at 0x256c7cc7670 of 132 bytes failed: Only part of a ReadProcessMemory or WriteProcessMemory request was completed. (0x12B)
[0829/144046.840:ERROR:process_memory_win.cc(73)] ReadMemory at 0x256c7cc7800 of 154 bytes failed: Only part of a ReadProcessMemory or WriteProcessMemory request was completed. (0x12B)
[0829/144046.840:ERROR:process_memory_win.cc(73)] ReadMemory at 0x256c7cc8540 of 62 bytes failed: Only part of a ReadProcessMemory or WriteProcessMemory request was completed. (0x12B)
[0829/144046.840:ERROR:process_memory_win.cc(73)] ReadMemory at 0x256c7cc86a0 of 132 bytes failed: Only part of a ReadProcessMemory or WriteProcessMemory request was completed. (0x12B)
[0829/144046.840:ERROR:process_memory_win.cc(73)] ReadMemory at 0x256c7cc8830 of 60 bytes failed: Only part of a ReadProcessMemory or WriteProcessMemory request was completed. (0x12B)
[0829/144046.840:ERROR:process_memory_win.cc(73)] ReadMemory at 0x256c7cd7070 of 64 bytes failed: Only part of a ReadProcessMemory or WriteProcessMemory request was completed. (0x12B)
[0829/144046.840:ERROR:process_memory_win.cc(73)] ReadMemory at 0x256c7cd7110 of 64 bytes failed: Only part of a ReadProcessMemory or WriteProcessMemory request was completed. (0x12B)
[0829/144046.840:ERROR:process_memory_win.cc(73)] ReadMemory at 0x256c7cd7160 of 64 bytes failed: Only part of a ReadProcessMemory or WriteProcessMemory request was completed. (0x12B)
[0829/144046.840:ERROR:process_memory_win.cc(73)] ReadMemory at 0x256c7cd71b0 of 62 bytes failed: Only part of a ReadProcessMemory or WriteProcessMemory request was completed. (0x12B)
[0829/144046.840:ERROR:process_memory_win.cc(73)] ReadMemory at 0x256c7cd7200 of 66 bytes failed: Only part of a ReadProcessMemory or WriteProcessMemory request was completed. (0x12B)
[0829/144046.840:ERROR:process_memory_win.cc(73)] ReadMemory at 0x256c7cd7610 of 64 bytes failed: Only part of a ReadProcessMemory or WriteProcessMemory request was completed. (0x12B)
[0829/144046.840:ERROR:process_memory_win.cc(73)] ReadMemory at 0x256c7cd7700 of 58 bytes failed: Only part of a ReadProcessMemory or WriteProcessMemory request was completed. (0x12B)
[0829/144046.840:ERROR:process_memory_win.cc(73)] ReadMemory at 0x256c7cd77a0 of 60 bytes failed: Only part of a ReadProcessMemory or WriteProcessMemory request was completed. (0x12B)
[0829/144046.840:ERROR:process_memory_win.cc(73)] ReadMemory at 0x256c7cd7a70 of 62 bytes failed: Only part of a ReadProcessMemory or WriteProcessMemory request was completed. (0x12B)
[0829/144046.840:ERROR:process_memory_win.cc(73)] ReadMemory at 0x256c7cd7ca0 of 60 bytes failed: Only part of a ReadProcessMemory or WriteProcessMemory request was completed. (0x12B)
[0829/144046.840:ERROR:process_memory_win.cc(73)] ReadMemory at 0x256c7cd7e30 of 64 bytes failed: Only part of a ReadProcessMemory or WriteProcessMemory request was completed. (0x12B)
[0829/144046.840:ERROR:process_memory_win.cc(73)] ReadMemory at 0x256c7cd7e80 of 62 bytes failed: Only part of a ReadProcessMemory or WriteProcessMemory request was completed. (0x12B)
[0829/144046.840:ERROR:process_memory_win.cc(73)] ReadMemory at 0x256c7cd7ed0 of 60 bytes failed: Only part of a ReadProcessMemory or WriteProcessMemory request was completed. (0x12B)
[0829/144046.840:ERROR:process_memory_win.cc(73)] ReadMemory at 0x256c7cd7f70 of 62 bytes failed: Only part of a ReadProcessMemory or WriteProcessMemory request was completed. (0x12B)
[0829/144046.840:ERROR:process_memory_win.cc(73)] ReadMemory at 0x256c7cd8a70 of 54 bytes failed: Only part of a ReadProcessMemory or WriteProcessMemory request was completed. (0x12B)
[0829/144046.840:ERROR:process_memory_win.cc(73)] ReadMemory at 0x256c7cdbe90 of 80 bytes failed: Only part of a ReadProcessMemory or WriteProcessMemory request was completed. (0x12B)
[0829/144046.840:ERROR:process_memory_win.cc(73)] ReadMemory at 0x256c7cdcd60 of 132 bytes failed: Only part of a ReadProcessMemory or WriteProcessMemory request was completed. (0x12B)
[0829/144046.840:ERROR:process_memory_win.cc(73)] ReadMemory at 0x256c7cdcf80 of 132 bytes failed: Only part of a ReadProcessMemory or WriteProcessMemory request was completed. (0x12B)
[0829/144046.840:ERROR:process_memory_win.cc(73)] ReadMemory at 0x256c7cdd170 of 132 bytes failed: Only part of a ReadProcessMemory or WriteProcessMemory request was completed. (0x12B)
[0829/144046.840:ERROR:process_memory_win.cc(73)] ReadMemory at 0x256c7cdd4a0 of 132 bytes failed: Only part of a ReadProcessMemory or WriteProcessMemory request was completed. (0x12B)
[0829/144046.840:ERROR:process_memory_win.cc(73)] ReadMemory at 0x256c7cdd5d0 of 132 bytes failed: Only part of a ReadProcessMemory or WriteProcessMemory request was completed. (0x12B)
[0829/144046.840:ERROR:process_memory_win.cc(73)] ReadMemory at 0x256c7cdd830 of 132 bytes failed: Only part of a ReadProcessMemory or WriteProcessMemory request was completed. (0x12B)
[0829/144046.840:ERROR:process_memory_win.cc(73)] ReadMemory at 0x256c7cdd960 of 132 bytes failed: Only part of a ReadProcessMemory or WriteProcessMemory request was completed. (0x12B)
[0829/144046.840:ERROR:process_memory_win.cc(73)] ReadMemory at 0x256c7cdda90 of 132 bytes failed: Only part of a ReadProcessMemory or WriteProcessMemory request was completed. (0x12B)
[0829/144046.840:ERROR:process_memory_win.cc(73)] ReadMemory at 0x256c7cddbc0 of 132 bytes failed: Only part of a ReadProcessMemory or WriteProcessMemory request was completed. (0x12B)
[0829/144046.840:ERROR:process_memory_win.cc(73)] ReadMemory at 0x256c7cddcf0 of 132 bytes failed: Only part of a ReadProcessMemory or WriteProcessMemory request was completed. (0x12B)
[0829/144046.840:ERROR:process_memory_win.cc(73)] ReadMemory at 0x256c7cdde20 of 132 bytes failed: Only part of a ReadProcessMemory or WriteProcessMemory request was completed. (0x12B)
[0829/144046.840:ERROR:process_memory_win.cc(73)] ReadMemory at 0x256c7cddf50 of 132 bytes failed: Only part of a ReadProcessMemory or WriteProcessMemory request was completed. (0x12B)
[0829/144046.840:ERROR:process_memory_win.cc(73)] ReadMemory at 0x256c7cde080 of 132 bytes failed: Only part of a ReadProcessMemory or WriteProcessMemory request was completed. (0x12B)
[0829/144046.840:ERROR:process_memory_win.cc(73)] ReadMemory at 0x256c7cde1b0 of 132 bytes failed: Only part of a ReadProcessMemory or WriteProcessMemory request was completed. (0x12B)
[0829/144046.840:ERROR:process_memory_win.cc(73)] ReadMemory at 0x256c7cde2e0 of 132 bytes failed: Only part of a ReadProcessMemory or WriteProcessMemory request was completed. (0x12B)
[0829/144046.840:ERROR:process_memory_win.cc(73)] ReadMemory at 0x256c7cdf830 of 132 bytes failed: Only part of a ReadProcessMemory or WriteProcessMemory request was completed. (0x12B)
[0829/144046.840:ERROR:process_memory_win.cc(73)] ReadMemory at 0x256c7cdfc00 of 132 bytes failed: Only part of a ReadProcessMemory or WriteProcessMemory request was completed. (0x12B)
[0829/144046.840:ERROR:process_memory_win.cc(73)] ReadMemory at 0x256c7cdfd30 of 132 bytes failed: Only part of a ReadProcessMemory or WriteProcessMemory request was completed. (0x12B)
[0829/144046.855:ERROR:process_memory_win.cc(73)] ReadMemory at 0x256c7ce2a00 of 132 bytes failed: Only part of a ReadProcessMemory or WriteProcessMemory request was completed. (0x12B)
[0829/144046.855:ERROR:process_memory_win.cc(73)] ReadMemory at 0x256c7ce34a0 of 132 bytes failed: Only part of a ReadProcessMemory or WriteProcessMemory request was completed. (0x12B)
[0829/144046.855:ERROR:process_memory_win.cc(73)] ReadMemory at 0x256c7ce35d0 of 146 bytes failed: Only part of a ReadProcessMemory or WriteProcessMemory request was completed. (0x12B)
[0829/144046.855:ERROR:process_memory_win.cc(73)] ReadMemory at 0x256c7ceac30 of 132 bytes failed: Only part of a ReadProcessMemory or WriteProcessMemory request was completed. (0x12B)
[0829/144046.855:ERROR:process_memory_win.cc(73)] ReadMemory at 0x256c7ceae40 of 132 bytes failed: Only part of a ReadProcessMemory or WriteProcessMemory request was completed. (0x12B)
[0829/144046.855:ERROR:process_memory_win.cc(73)] ReadMemory at 0x256c7ceb200 of 76 bytes failed: Only part of a ReadProcessMemory or WriteProcessMemory request was completed. (0x12B)
[0829/144046.855:ERROR:process_memory_win.cc(73)] ReadMemory at 0x256c7ceb260 of 80 bytes failed: Only part of a ReadProcessMemory or WriteProcessMemory request was completed. (0x12B)
[0829/144046.855:ERROR:process_memory_win.cc(73)] ReadMemory at 0x256c7cec490 of 132 bytes failed: Only part of a ReadProcessMemory or WriteProcessMemory request was completed. (0x12B)
[0829/144046.855:ERROR:process_memory_win.cc(73)] ReadMemory at 0x256c7cec6f0 of 132 bytes failed: Only part of a ReadProcessMemory or WriteProcessMemory request was completed. (0x12B)
[0829/144046.855:ERROR:process_memory_win.cc(73)] ReadMemory at 0x256c7cecce0 of 132 bytes failed: Only part of a ReadProcessMemory or WriteProcessMemory request was completed. (0x12B)
[0829/144046.855:ERROR:process_memory_win.cc(73)] ReadMemory at 0x256c7ced070 of 132 bytes failed: Only part of a ReadProcessMemory or WriteProcessMemory request was completed. (0x12B)
[0829/144046.855:ERROR:process_memory_win.cc(73)] ReadMemory at 0x256c7ced1a0 of 132 bytes failed: Only part of a ReadProcessMemory or WriteProcessMemory request was completed. (0x12B)
[0829/144046.855:ERROR:process_memory_win.cc(73)] ReadMemory at 0x256c7ced530 of 132 bytes failed: Only part of a ReadProcessMemory or WriteProcessMemory request was completed. (0x12B)
[0829/144046.855:ERROR:process_memory_win.cc(73)] ReadMemory at 0x256c7ced660 of 132 bytes failed: Only part of a ReadProcessMemory or WriteProcessMemory request was completed. (0x12B)
[0829/144046.855:ERROR:process_memory_win.cc(73)] ReadMemory at 0x256c7ced790 of 132 bytes failed: Only part of a ReadProcessMemory or WriteProcessMemory request was completed. (0x12B)
[0829/144046.855:ERROR:process_memory_win.cc(73)] ReadMemory at 0x256c7ced8c0 of 132 bytes failed: Only part of a ReadProcessMemory or WriteProcessMemory request was completed. (0x12B)
[0829/144046.855:ERROR:process_memory_win.cc(73)] ReadMemory at 0x256c7cedb20 of 132 bytes failed: Only part of a ReadProcessMemory or WriteProcessMemory request was completed. (0x12B)
[0829/144046.855:ERROR:process_memory_win.cc(73)] ReadMemory at 0x256c7cedfe0 of 62 bytes failed: Only part of a ReadProcessMemory or WriteProcessMemory request was completed. (0x12B)
[0829/144046.855:ERROR:process_memory_win.cc(73)] ReadMemory at 0x256c7cee0d0 of 62 bytes failed: Only part of a ReadProcessMemory or WriteProcessMemory request was completed. (0x12B)
[0829/144046.855:ERROR:process_memory_win.cc(73)] ReadMemory at 0x256c7cee1c0 of 60 bytes failed: Only part of a ReadProcessMemory or WriteProcessMemory request was completed. (0x12B)
[0829/144046.855:ERROR:process_memory_win.cc(73)] ReadMemory at 0x256c7cee260 of 62 bytes failed: Only part of a ReadProcessMemory or WriteProcessMemory request was completed. (0x12B)
[0829/144046.855:ERROR:process_memory_win.cc(73)] ReadMemory at 0x256c7cee2b0 of 60 bytes failed: Only part of a ReadProcessMemory or WriteProcessMemory request was completed. (0x12B)
[0829/144046.855:ERROR:process_memory_win.cc(73)] ReadMemory at 0x256c7cee350 of 60 bytes failed: Only part of a ReadProcessMemory or WriteProcessMemory request was completed. (0x12B)
[0829/144046.855:ERROR:process_memory_win.cc(73)] ReadMemory at 0x256c7cee7b0 of 62 bytes failed: Only part of a ReadProcessMemory or WriteProcessMemory request was completed. (0x12B)
[0829/144046.855:ERROR:process_memory_win.cc(73)] ReadMemory at 0x256c7cee8f0 of 64 bytes failed: Only part of a ReadProcessMemory or WriteProcessMemory request was completed. (0x12B)
[0829/144046.855:ERROR:process_memory_win.cc(73)] ReadMemory at 0x256c7cee940 of 64 bytes failed: Only part of a ReadProcessMemory or WriteProcessMemory request was completed. (0x12B)
[0829/144046.855:ERROR:process_memory_win.cc(73)] ReadMemory at 0x256c7cee990 of 64 bytes failed: Only part of a ReadProcessMemory or WriteProcessMemory request was completed. (0x12B)
[0829/144046.855:ERROR:process_memory_win.cc(73)] ReadMemory at 0x256c7ceeb70 of 66 bytes failed: Only part of a ReadProcessMemory or WriteProcessMemory request was completed. (0x12B)
[0829/144046.855:ERROR:process_memory_win.cc(73)] ReadMemory at 0x256c7ceed50 of 62 bytes failed: Only part of a ReadProcessMemory or WriteProcessMemory request was completed. (0x12B)
[0829/144046.855:ERROR:process_memory_win.cc(73)] ReadMemory at 0x256c7ceedf0 of 62 bytes failed: Only part of a ReadProcessMemory or WriteProcessMemory request was completed. (0x12B)
[0829/144046.855:ERROR:process_memory_win.cc(73)] ReadMemory at 0x256c7cfe930 of 512 bytes failed: Only part of a ReadProcessMemory or WriteProcessMemory request was completed. (0x12B)
[0829/144046.855:ERROR:process_memory_win.cc(73)] ReadMemory at 0x256c7d538d0 of 512 bytes failed: Only part of a ReadProcessMemory or WriteProcessMemory request was completed. (0x12B)
[0829/144046.855:ERROR:process_memory_win.cc(73)] ReadMemory at 0x256c7d5a560 of 512 bytes failed: Only part of a ReadProcessMemory or WriteProcessMemory request was completed. (0x12B)
[0829/144046.855:ERROR:process_memory_win.cc(73)] ReadMemory at 0x256c7d5fc80 of 712 bytes failed: Only part of a ReadProcessMemory or WriteProcessMemory request was completed. (0x12B)
[0829/144046.855:ERROR:process_memory_win.cc(73)] ReadMemory at 0x256c7d81350 of 512 bytes failed: Only part of a ReadProcessMemory or WriteProcessMemory request was completed. (0x12B)
[0829/144046.855:ERROR:process_memory_win.cc(73)] ReadMemory at 0x256c7d9ddf0 of 512 bytes failed: Only part of a ReadProcessMemory or WriteProcessMemory request was completed. (0x12B)
[0829/144046.855:ERROR:process_memory_win.cc(73)] ReadMemory at 0x256c9530000 of 384 bytes failed: Only part of a ReadProcessMemory or WriteProcessMemory request was completed. (0x12B)
[0829/144046.855:ERROR:process_memory_win.cc(73)] ReadMemory at 0x256c95f7f50 of 512 bytes failed: Only part of a ReadProcessMemory or WriteProcessMemory request was completed. (0x12B)
[0829/144046.855:ERROR:process_memory_win.cc(73)] ReadMemory at 0x256cb5b3c77 of 512 bytes failed: Only part of a ReadProcessMemory or WriteProcessMemory request was completed. (0x12B)
[0829/144046.855:ERROR:process_memory_win.cc(73)] ReadMemory at 0x256cc31c138 of 512 bytes failed: Only part of a ReadProcessMemory or WriteProcessMemory request was completed. (0x12B)
[0829/144046.855:ERROR:process_memory_win.cc(73)] ReadMemory at 0x2af488fedd8 of 512 bytes failed: Only part of a ReadProcessMemory or WriteProcessMemory request was completed. (0x12B)
[0829/144046.855:ERROR:process_memory_win.cc(73)] ReadMemory at 0x3be99ecd3ab0 of 512 bytes failed: Only part of a ReadProcessMemory or WriteProcessMemory request was completed. (0x12B)
[0829/144046.855:ERROR:process_memory_win.cc(73)] ReadMemory at 0x3be99ef843b0 of 512 bytes failed: Only part of a ReadProcessMemory or WriteProcessMemory request was completed. (0x12B)
[0829/144046.855:ERROR:process_memory_win.cc(73)] ReadMemory at 0x3be99ef85e00 of 512 bytes failed: Only part of a ReadProcessMemory or WriteProcessMemory request was completed. (0x12B)
[0829/144046.855:ERROR:process_memory_win.cc(73)] ReadMemory at 0x4d8635c59088 of 512 bytes failed: Only part of a ReadProcessMemory or WriteProcessMemory request was completed. (0x12B)
[0829/144046.855:ERROR:process_memory_win.cc(73)] ReadMemory at 0x57451ca66128 of 512 bytes failed: Only part of a ReadProcessMemory or WriteProcessMemory request was completed. (0x12B)
[0829/144046.855:ERROR:process_memory_win.cc(73)] ReadMemory at 0x7ffa37f7c179 of 512 bytes failed: Only part of a ReadProcessMemory or WriteProcessMemory request was completed. (0x12B)
[0829/144046.855:ERROR:process_memory_win.cc(73)] ReadMemory at 0x7ffa3a7196c0 of 512 bytes failed: Only part of a ReadProcessMemory or WriteProcessMemory request was completed. (0x12B)
[0829/144046.855:ERROR:process_memory_win.cc(73)] ReadMemory at 0x7ffa3da6d4f0 of 512 bytes failed: Only part of a ReadProcessMemory or WriteProcessMemory request was completed. (0x12B)
[0829/144046.855:ERROR:process_memory_win.cc(73)] ReadMemory at 0x7ffa4ba279b3 of 512 bytes failed: Only part of a ReadProcessMemory or WriteProcessMemory request was completed. (0x12B)
[0829/144046.855:ERROR:process_memory_win.cc(73)] ReadMemory at 0x7ffa4ba281a0 of 512 bytes failed: Only part of a ReadProcessMemory or WriteProcessMemory request was completed. (0x12B)
[0829/144046.855:ERROR:process_memory_win.cc(73)] ReadMemory at 0x7ffa8a7bc074 of 672 bytes failed: Only part of a ReadProcessMemory or WriteProcessMemory request was completed. (0x12B)
[0829/144046.855:ERROR:process_memory_win.cc(73)] ReadMemory at 0x7ffa8a7bf924 of 608 bytes failed: Only part of a ReadProcessMemory or WriteProcessMemory request was completed. (0x12B)
[0829/144046.855:ERROR:process_memory_win.cc(73)] ReadMemory at 0x7ffa8a84c428 of 18 bytes failed: Only part of a ReadProcessMemory or WriteProcessMemory request was completed. (0x12B)
[0829/144046.855:ERROR:process_memory_win.cc(73)] ReadMemory at 0x7ffa8a87f4f8 of 40 bytes failed: Only part of a ReadProcessMemory or WriteProcessMemory request was completed. (0x12B)
[0829/144046.855:ERROR:process_memory_win.cc(73)] ReadMemory at 0x7ffa8a87f978 of 48 bytes failed: Only part of a ReadProcessMemory or WriteProcessMemory request was completed. (0x12B)
[0829/144046.855:ERROR:process_memory_win.cc(73)] ReadMemory at 0x7ffa8a8853c0 of 64 bytes failed: Only part of a ReadProcessMemory or WriteProcessMemory request was completed. (0x12B)
[0829/144047.642:ERROR:scoped_process_suspend.cc(40)] NtResumeProcess: An attempt was made to access an exiting process. (0xc000010a)
